<?xml version="1.0" encoding="UTF-8"?>
<!-- Generated by org.testng.reporters.JUnitReportReporter -->
<testsuite skipped="0" hostname="pc" name="src.test.TestNGTestSuite" tests="1" failures="0" timestamp="12 Jun 2018 12:17:14 GMT" time="57.401" errors="0">
  <testcase name="PurchaseProduct" time="57.401" classname="src.test.TestNGTestSuite"/>
</testsuite> <!-- src.test.TestNGTestSuite -->
