<?xml version="1.0" encoding="UTF-8"?>
<!-- Generated by org.testng.reporters.JUnitReportReporter -->
<testsuite skipped="0" hostname="pc" name="src.src.com.NewTest" tests="3" failures="0" timestamp="12 Jun 2018 09:54:41 GMT" time="74.186" errors="0">
  <testcase name="LogOut" time="15.852" classname="src.src.com.NewTest"/>
  <testcase name="FailLogin" time="12.868" classname="src.src.com.NewTest"/>
  <testcase name="PurchaseProduct" time="45.466" classname="src.src.com.NewTest"/>
</testsuite> <!-- src.src.com.NewTest -->
